#
# There is insufficient memory for the Java Runtime Environment to continue.
# Native memory allocation (malloc) failed to allocate 357456 bytes for Chunk::new
# Possible reasons:
#   The system is out of physical RAM or swap space
#   The process is running with CompressedOops enabled, and the Java Heap may be blocking the growth of the native heap
# Possible solutions:
#   Reduce memory load on the system
#   Increase physical memory or swap space
#   Check if swap backing store is full
#   Decrease Java heap size (-Xmx/-Xms)
#   Decrease number of Java threads
#   Decrease Java thread stack sizes (-Xss)
#   Set larger code cache with -XX:ReservedCodeCacheSize=
#   JVM is running with Zero Based Compressed Oops mode in which the Java heap is
#     placed in the first 32GB address space. The Java Heap base address is the
#     maximum limit for the native heap growth. Please use -XX:HeapBaseMinAddress
#     to set the Java Heap base and to place the Java Heap above 32GB virtual address.
# This output file may be truncated or incomplete.
#
#  Out of Memory Error (c:/cygwin64/tmp/openjdk-jdk11u-windows-x64-hotspot/workspace/build/src/src/hotspot/share/memory/arena.cpp:197), pid=50780, tid=32668
#
# JRE version: OpenJDK Runtime Environment (11.0.5+10) (build 11.0.5+10)
# Java VM: OpenJDK 64-Bit Server VM (11.0.5+10, mixed mode, tiered, compressed oops, g1 gc, windows-amd64)
# No core dump will be written. Minidumps are not enabled by default on client versions of Windows
#

---------------  S U M M A R Y ------------

Command Line: -javaagent:D:\IntelliJ IDEA 2019.3\lib\idea_rt.jar=57652:D:\IntelliJ IDEA 2019.3\bin -Dfile.encoding=UTF-8 main.java.app.MainFX

Host: Intel(R) Core(TM) i7-5820K CPU @ 3.30GHz, 12 cores, 11G,  Windows 10 , 64 bit Build 18362 (10.0.18362.329)
Time: Fri Dec 20 00:42:02 2019 Central Europe Standard Time elapsed time: 5905 seconds (0d 1h 38m 25s)

---------------  T H R E A D  ---------------

Current thread (0x00000248f30c6000):  JavaThread "C2 CompilerThread0" daemon [_thread_in_native, id=32668, stack(0x000000ea35800000,0x000000ea35900000)]


Current CompileTask:
C2:5905902 4937       4       javafx.scene.CssStyleHelper::createStyleHelper (310 bytes)

Stack: [0x000000ea35800000,0x000000ea35900000]
Native frames: (J=compiled Java code, j=interpreted, Vv=VM code, C=native code)
V  [jvm.dll+0x5d9aaa]
V  [jvm.dll+0x70ed1e]
V  [jvm.dll+0x7103ab]
V  [jvm.dll+0x710a73]
V  [jvm.dll+0x23f658]
V  [jvm.dll+0xb908c]
V  [jvm.dll+0xb961c]
V  [jvm.dll+0x1f8f87]
V  [jvm.dll+0x570955]
V  [jvm.dll+0x56f83e]
V  [jvm.dll+0x1f95c7]
V  [jvm.dll+0x1f88df]
V  [jvm.dll+0x17d67c]
V  [jvm.dll+0x2078a7]
V  [jvm.dll+0x205dfb]
V  [jvm.dll+0x6d4c7c]
V  [jvm.dll+0x6cdcbc]
V  [jvm.dll+0x5d8d26]
C  [ucrtbase.dll+0x20e72]
C  [KERNEL32.DLL+0x17bd4]
C  [ntdll.dll+0x6ced1]


---------------  P R O C E S S  ---------------

Threads class SMR info:
_java_thread_list=0x00000248f4bafc90, length=21, elements={
0x00000248cee4c000, 0x00000248f3036000, 0x00000248f305f800, 0x00000248f30c0800,
0x00000248f30c3800, 0x00000248f30c6000, 0x00000248f30cb800, 0x00000248f30d0000,
0x00000248f31cf000, 0x00000248f3530800, 0x00000248f3532000, 0x00000248f353e000,
0x00000248f38b7800, 0x00000248f384b000, 0x00000248f3ca5800, 0x00000248f4865000,
0x00000248f4d15800, 0x00000248fe8a5000, 0x00000248f313d800, 0x00000248f4ac7800,
0x00000248f4aca000
}

Java Threads: ( => current thread )
  0x00000248cee4c000 JavaThread "main" [_thread_blocked, id=60756, stack(0x000000ea34d00000,0x000000ea34e00000)]
  0x00000248f3036000 JavaThread "Reference Handler" daemon [_thread_blocked, id=62948, stack(0x000000ea35400000,0x000000ea35500000)]
  0x00000248f305f800 JavaThread "Finalizer" daemon [_thread_blocked, id=48124, stack(0x000000ea35500000,0x000000ea35600000)]
  0x00000248f30c0800 JavaThread "Signal Dispatcher" daemon [_thread_blocked, id=77220, stack(0x000000ea35600000,0x000000ea35700000)]
  0x00000248f30c3800 JavaThread "Attach Listener" daemon [_thread_blocked, id=10496, stack(0x000000ea35700000,0x000000ea35800000)]
=>0x00000248f30c6000 JavaThread "C2 CompilerThread0" daemon [_thread_in_native, id=32668, stack(0x000000ea35800000,0x000000ea35900000)]
  0x00000248f30cb800 JavaThread "C1 CompilerThread0" daemon [_thread_blocked, id=84788, stack(0x000000ea35900000,0x000000ea35a00000)]
  0x00000248f30d0000 JavaThread "Sweeper thread" daemon [_thread_blocked, id=83916, stack(0x000000ea35a00000,0x000000ea35b00000)]
  0x00000248f31cf000 JavaThread "Common-Cleaner" daemon [_thread_blocked, id=20756, stack(0x000000ea35b00000,0x000000ea35c00000)]
  0x00000248f3530800 JavaThread "Monitor Ctrl-Break" daemon [_thread_in_native, id=84644, stack(0x000000ea35d00000,0x000000ea35e00000)]
  0x00000248f3532000 JavaThread "Service Thread" daemon [_thread_blocked, id=79644, stack(0x000000ea35e00000,0x000000ea35f00000)]
  0x00000248f353e000 JavaThread "JavaFX-Launcher" [_thread_blocked, id=25636, stack(0x000000ea36000000,0x000000ea36100000)]
  0x00000248f38b7800 JavaThread "QuantumRenderer-0" daemon [_thread_blocked, id=83460, stack(0x000000ea36100000,0x000000ea36200000)]
  0x00000248f384b000 JavaThread "InvokeLaterDispatcher" daemon [_thread_blocked, id=65152, stack(0x000000ea36300000,0x000000ea36400000)]
  0x00000248f3ca5800 JavaThread "JavaFX Application Thread" [_thread_in_Java, id=18396, stack(0x000000ea36400000,0x000000ea36500000)]
  0x00000248f4865000 JavaThread "Thread-2" daemon [_thread_in_native, id=93260, stack(0x000000ea36600000,0x000000ea36700000)]
  0x00000248f4d15800 JavaThread "Prism Font Disposer" daemon [_thread_blocked, id=52524, stack(0x000000ea36f00000,0x000000ea37000000)]
  0x00000248fe8a5000 JavaThread "Cleaner-0" daemon [_thread_blocked, id=46760, stack(0x000000ea37310000,0x000000ea37410000)]
  0x00000248f313d800 JavaThread "Thread-4" [_thread_blocked, id=18928, stack(0x000000ea37420000,0x000000ea37520000)]
  0x00000248f4ac7800 JavaThread "Thread-5" [_thread_in_native, id=4408, stack(0x000000ea36200000,0x000000ea36300000)]
  0x00000248f4aca000 JavaThread "Thread-6" [_thread_blocked, id=40496, stack(0x000000ea37200000,0x000000ea37300000)]

Other Threads:
  0x00000248f3032800 VMThread "VM Thread" [stack: 0x000000ea35300000,0x000000ea35400000] [id=17008]
  0x00000248f3533000 WatcherThread [stack: 0x000000ea35f00000,0x000000ea36000000] [id=37124]
  0x00000248cee65000 GCTaskThread "GC Thread#0" [stack: 0x000000ea34e00000,0x000000ea34f00000] [id=17220]
  0x00000248f4866000 GCTaskThread "GC Thread#1" [stack: 0x000000ea36700000,0x000000ea36800000] [id=73420]
  0x00000248f487a800 GCTaskThread "GC Thread#2" [stack: 0x000000ea36800000,0x000000ea36900000] [id=85380]
  0x00000248f4846000 GCTaskThread "GC Thread#3" [stack: 0x000000ea36900000,0x000000ea36a00000] [id=84384]
  0x00000248f494a000 GCTaskThread "GC Thread#4" [stack: 0x000000ea36a00000,0x000000ea36b00000] [id=37396]
  0x00000248f494a800 GCTaskThread "GC Thread#5" [stack: 0x000000ea36b00000,0x000000ea36c00000] [id=68088]
  0x00000248fdf9d800 GCTaskThread "GC Thread#6" [stack: 0x000000ea37720000,0x000000ea37820000] [id=66640]
  0x00000248f4d28800 GCTaskThread "GC Thread#7" [stack: 0x000000ea37820000,0x000000ea37920000] [id=39552]
  0x00000248f39ee000 GCTaskThread "GC Thread#8" [stack: 0x000000ea37920000,0x000000ea37a20000] [id=93440]
  0x00000248f5122000 GCTaskThread "GC Thread#9" [stack: 0x000000ea37a20000,0x000000ea37b20000] [id=88020]
  0x00000248ceead000 ConcurrentGCThread "G1 Main Marker" [stack: 0x000000ea34f00000,0x000000ea35000000] [id=76584]
  0x00000248ceeb0800 ConcurrentGCThread "G1 Conc#0" [stack: 0x000000ea35000000,0x000000ea35100000] [id=77084]
  0x00000248f4a41000 ConcurrentGCThread "G1 Conc#1" [stack: 0x000000ea37000000,0x000000ea37100000] [id=88920]
  0x00000248f4a41800 ConcurrentGCThread "G1 Conc#2" [stack: 0x000000ea37100000,0x000000ea37200000] [id=72196]
  0x00000248f2693800 ConcurrentGCThread "G1 Refine#0" [stack: 0x000000ea35100000,0x000000ea35200000] [id=53420]
  0x00000248f2695800 ConcurrentGCThread "G1 Young RemSet Sampling" [stack: 0x000000ea35200000,0x000000ea35300000] [id=84376]

Threads with active compile tasks:
C2 CompilerThread05906114 4937       4       javafx.scene.CssStyleHelper::createStyleHelper (310 bytes)
C1 CompilerThread05906114 4958       3       javafx.scene.control.Control::layoutChildren (91 bytes)

VM state:not at safepoint (normal execution)

VM Mutex/Monitor currently owned by a thread: None

Heap address: 0x0000000741600000, size: 3050 MB, Compressed Oops mode: Zero based, Oop shift amount: 3
Narrow klass base: 0x0000000800000000, Narrow klass shift: 0
Compressed class space size: 1073741824 Address: 0x0000000800000000

Heap:
 garbage-first heap   total 196608K, used 78755K [0x0000000741600000, 0x0000000800000000)
  region size 1024K, 68 young (69632K), 7 survivors (7168K)
 Metaspace       used 28967K, capacity 30106K, committed 30336K, reserved 1075200K
  class space    used 3644K, capacity 4124K, committed 4224K, reserved 1048576K
Heap Regions: E=young(eden), S=young(survivor), O=old, HS=humongous(starts), HC=humongous(continues), CS=collection set, F=free, A=archive, TAMS=top-at-mark-start (previous, next)
|   0|0x0000000741600000, 0x0000000741700000, 0x0000000741700000|100%| O|  |TAMS 0x0000000741700000, 0x0000000741600000| Untracked 
|   1|0x0000000741700000, 0x0000000741800000, 0x0000000741800000|100%| O|  |TAMS 0x000000074177d200, 0x0000000741700000| Untracked 
|   2|0x0000000741800000, 0x0000000741900000, 0x0000000741900000|100%|HS|  |TAMS 0x0000000741900000, 0x0000000741800000| Complete 
|   3|0x0000000741900000, 0x0000000741a00000, 0x0000000741a00000|100%|HS|  |TAMS 0x0000000741900000, 0x0000000741900000| Complete 
|   4|0x0000000741a00000, 0x0000000741b00000, 0x0000000741b00000|100%|HC|  |TAMS 0x0000000741a00000, 0x0000000741a00000| Complete 
|   5|0x0000000741b00000, 0x0000000741c00000, 0x0000000741c00000|100%| O|  |TAMS 0x0000000741b00000, 0x0000000741b00000| Untracked 
|   6|0x0000000741c00000, 0x0000000741d00000, 0x0000000741d00000|100%| O|  |TAMS 0x0000000741c00000, 0x0000000741c00000| Untracked 
|   7|0x0000000741d00000, 0x0000000741e00000, 0x0000000741e00000|100%| O|  |TAMS 0x0000000741d00000, 0x0000000741d00000| Untracked 
|   8|0x0000000741e00000, 0x0000000741f00000, 0x0000000741f00000|100%| O|  |TAMS 0x0000000741e00000, 0x0000000741e00000| Untracked 
|   9|0x0000000741f00000, 0x0000000741fe8c00, 0x0000000742000000| 90%| O|  |TAMS 0x0000000741f00000, 0x0000000741f00000| Untracked 
|  10|0x0000000742000000, 0x0000000742000000, 0x0000000742100000|  0%| F|  |TAMS 0x0000000742000000, 0x0000000742000000| Untracked 
|  11|0x0000000742100000, 0x0000000742100000, 0x0000000742200000|  0%| F|  |TAMS 0x0000000742100000, 0x0000000742100000| Untracked 
|  12|0x0000000742200000, 0x0000000742200000, 0x0000000742300000|  0%| F|  |TAMS 0x0000000742200000, 0x0000000742200000| Untracked 
|  13|0x0000000742300000, 0x0000000742300000, 0x0000000742400000|  0%| F|  |TAMS 0x0000000742300000, 0x0000000742300000| Untracked 
|  14|0x0000000742400000, 0x0000000742400000, 0x0000000742500000|  0%| F|  |TAMS 0x0000000742400000, 0x0000000742400000| Untracked 
|  15|0x0000000742500000, 0x0000000742500000, 0x0000000742600000|  0%| F|  |TAMS 0x0000000742500000, 0x0000000742500000| Untracked 
|  16|0x0000000742600000, 0x0000000742600000, 0x0000000742700000|  0%| F|  |TAMS 0x0000000742600000, 0x0000000742600000| Untracked 
|  17|0x0000000742700000, 0x0000000742700000, 0x0000000742800000|  0%| F|  |TAMS 0x0000000742700000, 0x0000000742700000| Untracked 
|  18|0x0000000742800000, 0x0000000742800000, 0x0000000742900000|  0%| F|  |TAMS 0x0000000742800000, 0x0000000742800000| Untracked 
|  19|0x0000000742900000, 0x0000000742900000, 0x0000000742a00000|  0%| F|  |TAMS 0x0000000742900000, 0x0000000742900000| Untracked 
|  20|0x0000000742a00000, 0x0000000742a00000, 0x0000000742b00000|  0%| F|  |TAMS 0x0000000742a00000, 0x0000000742a00000| Untracked 
|  21|0x0000000742b00000, 0x0000000742b00000, 0x0000000742c00000|  0%| F|  |TAMS 0x0000000742b00000, 0x0000000742b00000| Untracked 
|  22|0x0000000742c00000, 0x0000000742c00000, 0x0000000742d00000|  0%| F|  |TAMS 0x0000000742c00000, 0x0000000742c00000| Untracked 
|  23|0x0000000742d00000, 0x0000000742d00000, 0x0000000742e00000|  0%| F|  |TAMS 0x0000000742d00000, 0x0000000742d00000| Untracked 
|  24|0x0000000742e00000, 0x0000000742e00000, 0x0000000742f00000|  0%| F|  |TAMS 0x0000000742e00000, 0x0000000742e00000| Untracked 
|  25|0x0000000742f00000, 0x0000000742f00000, 0x0000000743000000|  0%| F|  |TAMS 0x0000000742f00000, 0x0000000742f00000| Untracked 
|  26|0x0000000743000000, 0x0000000743000000, 0x0000000743100000|  0%| F|  |TAMS 0x0000000743000000, 0x0000000743000000| Untracked 
|  27|0x0000000743100000, 0x0000000743100000, 0x0000000743200000|  0%| F|  |TAMS 0x0000000743100000, 0x0000000743100000| Untracked 
|  28|0x0000000743200000, 0x0000000743200000, 0x0000000743300000|  0%| F|  |TAMS 0x0000000743200000, 0x0000000743200000| Untracked 
|  29|0x0000000743300000, 0x0000000743300000, 0x0000000743400000|  0%| F|  |TAMS 0x0000000743300000, 0x0000000743300000| Untracked 
|  30|0x0000000743400000, 0x0000000743400000, 0x0000000743500000|  0%| F|  |TAMS 0x0000000743400000, 0x0000000743400000| Untracked 
|  31|0x0000000743500000, 0x0000000743500000, 0x0000000743600000|  0%| F|  |TAMS 0x0000000743500000, 0x0000000743500000| Untracked 
|  32|0x0000000743600000, 0x0000000743600000, 0x0000000743700000|  0%| F|  |TAMS 0x0000000743600000, 0x0000000743600000| Untracked 
|  33|0x0000000743700000, 0x0000000743700000, 0x0000000743800000|  0%| F|  |TAMS 0x0000000743700000, 0x0000000743700000| Untracked 
|  34|0x0000000743800000, 0x0000000743800000, 0x0000000743900000|  0%| F|  |TAMS 0x0000000743800000, 0x0000000743800000| Untracked 
|  35|0x0000000743900000, 0x0000000743900000, 0x0000000743a00000|  0%| F|  |TAMS 0x0000000743900000, 0x0000000743900000| Untracked 
|  36|0x0000000743a00000, 0x0000000743a00000, 0x0000000743b00000|  0%| F|  |TAMS 0x0000000743a00000, 0x0000000743a00000| Untracked 
|  37|0x0000000743b00000, 0x0000000743b00000, 0x0000000743c00000|  0%| F|  |TAMS 0x0000000743b00000, 0x0000000743b00000| Untracked 
|  38|0x0000000743c00000, 0x0000000743c00000, 0x0000000743d00000|  0%| F|  |TAMS 0x0000000743c00000, 0x0000000743c00000| Untracked 
|  39|0x0000000743d00000, 0x0000000743d00000, 0x0000000743e00000|  0%| F|  |TAMS 0x0000000743d00000, 0x0000000743d00000| Untracked 
|  40|0x0000000743e00000, 0x0000000743e00000, 0x0000000743f00000|  0%| F|  |TAMS 0x0000000743e00000, 0x0000000743e00000| Untracked 
|  41|0x0000000743f00000, 0x0000000743f00000, 0x0000000744000000|  0%| F|  |TAMS 0x0000000743f00000, 0x0000000743f00000| Untracked 
|  42|0x0000000744000000, 0x0000000744000000, 0x0000000744100000|  0%| F|  |TAMS 0x0000000744000000, 0x0000000744000000| Untracked 
|  43|0x0000000744100000, 0x0000000744100000, 0x0000000744200000|  0%| F|  |TAMS 0x0000000744100000, 0x0000000744100000| Untracked 
|  44|0x0000000744200000, 0x0000000744200000, 0x0000000744300000|  0%| F|  |TAMS 0x0000000744200000, 0x0000000744200000| Untracked 
|  45|0x0000000744300000, 0x0000000744300000, 0x0000000744400000|  0%| F|  |TAMS 0x0000000744300000, 0x0000000744300000| Untracked 
|  46|0x0000000744400000, 0x0000000744400000, 0x0000000744500000|  0%| F|  |TAMS 0x0000000744400000, 0x0000000744400000| Untracked 
|  47|0x0000000744500000, 0x0000000744500000, 0x0000000744600000|  0%| F|  |TAMS 0x0000000744500000, 0x0000000744500000| Untracked 
|  48|0x0000000744600000, 0x0000000744600000, 0x0000000744700000|  0%| F|  |TAMS 0x0000000744600000, 0x0000000744600000| Untracked 
|  49|0x0000000744700000, 0x0000000744700000, 0x0000000744800000|  0%| F|  |TAMS 0x0000000744700000, 0x0000000744700000| Untracked 
|  50|0x0000000744800000, 0x0000000744800000, 0x0000000744900000|  0%| F|  |TAMS 0x0000000744800000, 0x0000000744800000| Untracked 
|  51|0x0000000744900000, 0x0000000744900000, 0x0000000744a00000|  0%| F|  |TAMS 0x0000000744900000, 0x0000000744900000| Untracked 
|  52|0x0000000744a00000, 0x0000000744a00000, 0x0000000744b00000|  0%| F|  |TAMS 0x0000000744a00000, 0x0000000744a00000| Untracked 
|  53|0x0000000744b00000, 0x0000000744b00000, 0x0000000744c00000|  0%| F|  |TAMS 0x0000000744b00000, 0x0000000744b00000| Untracked 
|  54|0x0000000744c00000, 0x0000000744c00000, 0x0000000744d00000|  0%| F|  |TAMS 0x0000000744c00000, 0x0000000744c00000| Untracked 
|  55|0x0000000744d00000, 0x0000000744d00000, 0x0000000744e00000|  0%| F|  |TAMS 0x0000000744d00000, 0x0000000744d00000| Untracked 
|  56|0x0000000744e00000, 0x0000000744e00000, 0x0000000744f00000|  0%| F|  |TAMS 0x0000000744e00000, 0x0000000744e00000| Untracked 
|  57|0x0000000744f00000, 0x0000000744f00000, 0x0000000745000000|  0%| F|  |TAMS 0x0000000744f00000, 0x0000000744f00000| Untracked 
|  58|0x0000000745000000, 0x0000000745000000, 0x0000000745100000|  0%| F|  |TAMS 0x0000000745000000, 0x0000000745000000| Untracked 
|  59|0x0000000745100000, 0x0000000745100000, 0x0000000745200000|  0%| F|  |TAMS 0x0000000745100000, 0x0000000745100000| Untracked 
|  60|0x0000000745200000, 0x0000000745200000, 0x0000000745300000|  0%| F|  |TAMS 0x0000000745200000, 0x0000000745200000| Untracked 
|  61|0x0000000745300000, 0x0000000745300000, 0x0000000745400000|  0%| F|  |TAMS 0x0000000745300000, 0x0000000745300000| Untracked 
|  62|0x0000000745400000, 0x0000000745400000, 0x0000000745500000|  0%| F|  |TAMS 0x0000000745400000, 0x0000000745400000| Untracked 
|  63|0x0000000745500000, 0x0000000745500000, 0x0000000745600000|  0%| F|  |TAMS 0x0000000745500000, 0x0000000745500000| Untracked 
|  64|0x0000000745600000, 0x0000000745600000, 0x0000000745700000|  0%| F|  |TAMS 0x0000000745600000, 0x0000000745600000| Untracked 
|  65|0x0000000745700000, 0x0000000745700000, 0x0000000745800000|  0%| F|  |TAMS 0x0000000745700000, 0x0000000745700000| Untracked 
|  66|0x0000000745800000, 0x0000000745800000, 0x0000000745900000|  0%| F|  |TAMS 0x0000000745800000, 0x0000000745800000| Untracked 
|  67|0x0000000745900000, 0x0000000745900000, 0x0000000745a00000|  0%| F|  |TAMS 0x0000000745900000, 0x0000000745900000| Untracked 
|  68|0x0000000745a00000, 0x0000000745a00000, 0x0000000745b00000|  0%| F|  |TAMS 0x0000000745a00000, 0x0000000745a00000| Untracked 
|  69|0x0000000745b00000, 0x0000000745b00000, 0x0000000745c00000|  0%| F|  |TAMS 0x0000000745b00000, 0x0000000745b00000| Untracked 
|  70|0x0000000745c00000, 0x0000000745c00000, 0x0000000745d00000|  0%| F|  |TAMS 0x0000000745c00000, 0x0000000745c00000| Untracked 
|  71|0x0000000745d00000, 0x0000000745d00000, 0x0000000745e00000|  0%| F|  |TAMS 0x0000000745d00000, 0x0000000745d00000| Untracked 
|  72|0x0000000745e00000, 0x0000000745e00000, 0x0000000745f00000|  0%| F|  |TAMS 0x0000000745e00000, 0x0000000745e00000| Untracked 
|  73|0x0000000745f00000, 0x0000000745f00000, 0x0000000746000000|  0%| F|  |TAMS 0x0000000745f00000, 0x0000000745f00000| Untracked 
|  74|0x0000000746000000, 0x0000000746000000, 0x0000000746100000|  0%| F|  |TAMS 0x0000000746000000, 0x0000000746000000| Untracked 
|  75|0x0000000746100000, 0x0000000746100000, 0x0000000746200000|  0%| F|  |TAMS 0x0000000746100000, 0x0000000746100000| Untracked 
|  76|0x0000000746200000, 0x0000000746200000, 0x0000000746300000|  0%| F|  |TAMS 0x0000000746200000, 0x0000000746200000| Untracked 
|  77|0x0000000746300000, 0x0000000746300000, 0x0000000746400000|  0%| F|  |TAMS 0x0000000746300000, 0x0000000746300000| Untracked 
|  78|0x0000000746400000, 0x0000000746500000, 0x0000000746500000|100%| S|CS|TAMS 0x0000000746400000, 0x0000000746400000| Complete 
|  79|0x0000000746500000, 0x0000000746600000, 0x0000000746600000|100%| S|CS|TAMS 0x0000000746500000, 0x0000000746500000| Complete 
|  80|0x0000000746600000, 0x0000000746700000, 0x0000000746700000|100%| S|CS|TAMS 0x0000000746600000, 0x0000000746600000| Complete 
|  81|0x0000000746700000, 0x0000000746800000, 0x0000000746800000|100%| S|CS|TAMS 0x0000000746700000, 0x0000000746700000| Complete 
|  82|0x0000000746800000, 0x0000000746900000, 0x0000000746900000|100%| S|CS|TAMS 0x0000000746800000, 0x0000000746800000| Complete 
|  83|0x0000000746900000, 0x0000000746a00000, 0x0000000746a00000|100%| S|CS|TAMS 0x0000000746900000, 0x0000000746900000| Complete 
|  84|0x0000000746a00000, 0x0000000746b00000, 0x0000000746b00000|100%| S|CS|TAMS 0x0000000746a00000, 0x0000000746a00000| Complete 
|  85|0x0000000746b00000, 0x0000000746b00000, 0x0000000746c00000|  0%| F|  |TAMS 0x0000000746b00000, 0x0000000746b00000| Untracked 
|  86|0x0000000746c00000, 0x0000000746c00000, 0x0000000746d00000|  0%| F|  |TAMS 0x0000000746c00000, 0x0000000746c00000| Untracked 
|  87|0x0000000746d00000, 0x0000000746d00000, 0x0000000746e00000|  0%| F|  |TAMS 0x0000000746d00000, 0x0000000746d00000| Untracked 
|  88|0x0000000746e00000, 0x0000000746e00000, 0x0000000746f00000|  0%| F|  |TAMS 0x0000000746e00000, 0x0000000746e00000| Untracked 
|  89|0x0000000746f00000, 0x0000000746f00000, 0x0000000747000000|  0%| F|  |TAMS 0x0000000746f00000, 0x0000000746f00000| Untracked 
|  90|0x0000000747000000, 0x0000000747000000, 0x0000000747100000|  0%| F|  |TAMS 0x0000000747000000, 0x0000000747000000| Untracked 
|  91|0x0000000747100000, 0x0000000747100000, 0x0000000747200000|  0%| F|  |TAMS 0x0000000747100000, 0x0000000747100000| Untracked 
|  92|0x0000000747200000, 0x0000000747200000, 0x0000000747300000|  0%| F|  |TAMS 0x0000000747200000, 0x0000000747200000| Untracked 
|  93|0x0000000747300000, 0x0000000747300000, 0x0000000747400000|  0%| F|  |TAMS 0x0000000747300000, 0x0000000747300000| Untracked 
|  94|0x0000000747400000, 0x0000000747400000, 0x0000000747500000|  0%| F|  |TAMS 0x0000000747400000, 0x0000000747400000| Untracked 
|  95|0x0000000747500000, 0x0000000747500000, 0x0000000747600000|  0%| F|  |TAMS 0x0000000747500000, 0x0000000747500000| Untracked 
|  96|0x0000000747600000, 0x0000000747600000, 0x0000000747700000|  0%| F|  |TAMS 0x0000000747600000, 0x0000000747600000| Untracked 
|  97|0x0000000747700000, 0x0000000747700000, 0x0000000747800000|  0%| F|  |TAMS 0x0000000747700000, 0x0000000747700000| Untracked 
|  98|0x0000000747800000, 0x0000000747800000, 0x0000000747900000|  0%| F|  |TAMS 0x0000000747800000, 0x0000000747800000| Untracked 
|  99|0x0000000747900000, 0x0000000747900000, 0x0000000747a00000|  0%| F|  |TAMS 0x0000000747900000, 0x0000000747900000| Untracked 
| 100|0x0000000747a00000, 0x0000000747a00000, 0x0000000747b00000|  0%| F|  |TAMS 0x0000000747a00000, 0x0000000747a00000| Untracked 
| 101|0x0000000747b00000, 0x0000000747b00000, 0x0000000747c00000|  0%| F|  |TAMS 0x0000000747b00000, 0x0000000747b00000| Untracked 
| 102|0x0000000747c00000, 0x0000000747c00000, 0x0000000747d00000|  0%| F|  |TAMS 0x0000000747c00000, 0x0000000747c00000| Untracked 
| 103|0x0000000747d00000, 0x0000000747d00000, 0x0000000747e00000|  0%| F|  |TAMS 0x0000000747d00000, 0x0000000747d00000| Untracked 
| 104|0x0000000747e00000, 0x0000000747e00000, 0x0000000747f00000|  0%| F|  |TAMS 0x0000000747e00000, 0x0000000747e00000| Untracked 
| 105|0x0000000747f00000, 0x0000000747f00000, 0x0000000748000000|  0%| F|  |TAMS 0x0000000747f00000, 0x0000000747f00000| Untracked 
| 106|0x0000000748000000, 0x0000000748000000, 0x0000000748100000|  0%| F|  |TAMS 0x0000000748000000, 0x0000000748000000| Untracked 
| 107|0x0000000748100000, 0x0000000748100000, 0x0000000748200000|  0%| F|  |TAMS 0x0000000748100000, 0x0000000748100000| Untracked 
| 108|0x0000000748200000, 0x0000000748200000, 0x0000000748300000|  0%| F|  |TAMS 0x0000000748200000, 0x0000000748200000| Untracked 
| 109|0x0000000748300000, 0x0000000748300000, 0x0000000748400000|  0%| F|  |TAMS 0x0000000748300000, 0x0000000748300000| Untracked 
| 110|0x0000000748400000, 0x0000000748400000, 0x0000000748500000|  0%| F|  |TAMS 0x0000000748400000, 0x0000000748400000| Untracked 
| 111|0x0000000748500000, 0x0000000748500000, 0x0000000748600000|  0%| F|  |TAMS 0x0000000748500000, 0x0000000748500000| Untracked 
| 112|0x0000000748600000, 0x0000000748600000, 0x0000000748700000|  0%| F|  |TAMS 0x0000000748600000, 0x0000000748600000| Untracked 
| 113|0x0000000748700000, 0x0000000748700000, 0x0000000748800000|  0%| F|  |TAMS 0x0000000748700000, 0x0000000748700000| Untracked 
| 114|0x0000000748800000, 0x0000000748800000, 0x0000000748900000|  0%| F|  |TAMS 0x0000000748800000, 0x0000000748800000| Untracked 
| 115|0x0000000748900000, 0x0000000748900000, 0x0000000748a00000|  0%| F|  |TAMS 0x0000000748900000, 0x0000000748900000| Untracked 
| 116|0x0000000748a00000, 0x0000000748a00000, 0x0000000748b00000|  0%| F|  |TAMS 0x0000000748a00000, 0x0000000748a00000| Untracked 
| 117|0x0000000748b00000, 0x0000000748b00000, 0x0000000748c00000|  0%| F|  |TAMS 0x0000000748b00000, 0x0000000748b00000| Untracked 
| 118|0x0000000748c00000, 0x0000000748c00000, 0x0000000748d00000|  0%| F|  |TAMS 0x0000000748c00000, 0x0000000748c00000| Untracked 
| 119|0x0000000748d00000, 0x0000000748d00000, 0x0000000748e00000|  0%| F|  |TAMS 0x0000000748d00000, 0x0000000748d00000| Untracked 
| 120|0x0000000748e00000, 0x0000000748e00000, 0x0000000748f00000|  0%| F|  |TAMS 0x0000000748e00000, 0x0000000748e00000| Untracked 
| 121|0x0000000748f00000, 0x0000000748f00000, 0x0000000749000000|  0%| F|  |TAMS 0x0000000748f00000, 0x0000000748f00000| Untracked 
| 122|0x0000000749000000, 0x0000000749000000, 0x0000000749100000|  0%| F|  |TAMS 0x0000000749000000, 0x0000000749000000| Untracked 
| 123|0x0000000749100000, 0x0000000749100000, 0x0000000749200000|  0%| F|  |TAMS 0x0000000749100000, 0x0000000749100000| Untracked 
| 124|0x0000000749200000, 0x0000000749200000, 0x0000000749300000|  0%| F|  |TAMS 0x0000000749200000, 0x0000000749200000| Untracked 
| 125|0x0000000749300000, 0x0000000749300000, 0x0000000749400000|  0%| F|  |TAMS 0x0000000749300000, 0x0000000749300000| Untracked 
| 126|0x0000000749400000, 0x0000000749400000, 0x0000000749500000|  0%| F|  |TAMS 0x0000000749400000, 0x0000000749400000| Untracked 
| 127|0x0000000749500000, 0x0000000749500000, 0x0000000749600000|  0%| F|  |TAMS 0x0000000749500000, 0x0000000749500000| Untracked 
| 128|0x0000000749600000, 0x0000000749600000, 0x0000000749700000|  0%| F|  |TAMS 0x0000000749600000, 0x0000000749600000| Untracked 
| 129|0x0000000749700000, 0x0000000749700000, 0x0000000749800000|  0%| F|  |TAMS 0x0000000749700000, 0x0000000749700000| Untracked 
| 130|0x0000000749800000, 0x0000000749800000, 0x0000000749900000|  0%| F|  |TAMS 0x0000000749800000, 0x0000000749800000| Untracked 
| 131|0x0000000749900000, 0x00000007499755f8, 0x0000000749a00000| 45%| E|  |TAMS 0x0000000749900000, 0x0000000749900000| Complete 
| 132|0x0000000749a00000, 0x0000000749b00000, 0x0000000749b00000|100%| E|CS|TAMS 0x0000000749a00000, 0x0000000749a00000| Complete 
| 133|0x0000000749b00000, 0x0000000749c00000, 0x0000000749c00000|100%| E|CS|TAMS 0x0000000749b00000, 0x0000000749b00000| Complete 
| 134|0x0000000749c00000, 0x0000000749d00000, 0x0000000749d00000|100%| E|CS|TAMS 0x0000000749c00000, 0x0000000749c00000| Complete 
| 135|0x0000000749d00000, 0x0000000749e00000, 0x0000000749e00000|100%| E|CS|TAMS 0x0000000749d00000, 0x0000000749d00000| Complete 
| 136|0x0000000749e00000, 0x0000000749f00000, 0x0000000749f00000|100%| E|CS|TAMS 0x0000000749e00000, 0x0000000749e00000| Complete 
| 137|0x0000000749f00000, 0x000000074a000000, 0x000000074a000000|100%| E|CS|TAMS 0x0000000749f00000, 0x0000000749f00000| Complete 
| 138|0x000000074a000000, 0x000000074a100000, 0x000000074a100000|100%| E|CS|TAMS 0x000000074a000000, 0x000000074a000000| Complete 
| 139|0x000000074a100000, 0x000000074a200000, 0x000000074a200000|100%| E|CS|TAMS 0x000000074a100000, 0x000000074a100000| Complete 
| 140|0x000000074a200000, 0x000000074a300000, 0x000000074a300000|100%| E|CS|TAMS 0x000000074a200000, 0x000000074a200000| Complete 
| 141|0x000000074a300000, 0x000000074a400000, 0x000000074a400000|100%| E|CS|TAMS 0x000000074a300000, 0x000000074a300000| Complete 
| 142|0x000000074a400000, 0x000000074a500000, 0x000000074a500000|100%| E|CS|TAMS 0x000000074a400000, 0x000000074a400000| Complete 
| 143|0x000000074a500000, 0x000000074a600000, 0x000000074a600000|100%| E|CS|TAMS 0x000000074a500000, 0x000000074a500000| Complete 
| 144|0x000000074a600000, 0x000000074a700000, 0x000000074a700000|100%| E|CS|TAMS 0x000000074a600000, 0x000000074a600000| Complete 
| 145|0x000000074a700000, 0x000000074a800000, 0x000000074a800000|100%| E|CS|TAMS 0x000000074a700000, 0x000000074a700000| Complete 
| 146|0x000000074a800000, 0x000000074a900000, 0x000000074a900000|100%| E|CS|TAMS 0x000000074a800000, 0x000000074a800000| Complete 
| 147|0x000000074a900000, 0x000000074aa00000, 0x000000074aa00000|100%| E|CS|TAMS 0x000000074a900000, 0x000000074a900000| Complete 
| 148|0x000000074aa00000, 0x000000074ab00000, 0x000000074ab00000|100%| E|CS|TAMS 0x000000074aa00000, 0x000000074aa00000| Complete 
| 149|0x000000074ab00000, 0x000000074ac00000, 0x000000074ac00000|100%| E|CS|TAMS 0x000000074ab00000, 0x000000074ab00000| Complete 
| 150|0x000000074ac00000, 0x000000074ad00000, 0x000000074ad00000|100%| E|CS|TAMS 0x000000074ac00000, 0x000000074ac00000| Complete 
| 151|0x000000074ad00000, 0x000000074ae00000, 0x000000074ae00000|100%| E|CS|TAMS 0x000000074ad00000, 0x000000074ad00000| Complete 
| 152|0x000000074ae00000, 0x000000074af00000, 0x000000074af00000|100%| E|CS|TAMS 0x000000074ae00000, 0x000000074ae00000| Complete 
| 153|0x000000074af00000, 0x000000074b000000, 0x000000074b000000|100%| E|CS|TAMS 0x000000074af00000, 0x000000074af00000| Complete 
| 154|0x000000074b000000, 0x000000074b100000, 0x000000074b100000|100%| E|CS|TAMS 0x000000074b000000, 0x000000074b000000| Complete 
| 155|0x000000074b100000, 0x000000074b200000, 0x000000074b200000|100%| E|CS|TAMS 0x000000074b100000, 0x000000074b100000| Complete 
| 156|0x000000074b200000, 0x000000074b300000, 0x000000074b300000|100%| E|CS|TAMS 0x000000074b200000, 0x000000074b200000| Complete 
| 157|0x000000074b300000, 0x000000074b400000, 0x000000074b400000|100%| E|CS|TAMS 0x000000074b300000, 0x000000074b300000| Complete 
| 158|0x000000074b400000, 0x000000074b500000, 0x000000074b500000|100%| E|CS|TAMS 0x000000074b400000, 0x000000074b400000| Complete 
| 159|0x000000074b500000, 0x000000074b600000, 0x000000074b600000|100%| E|CS|TAMS 0x000000074b500000, 0x000000074b500000| Complete 
| 160|0x000000074b600000, 0x000000074b700000, 0x000000074b700000|100%| E|CS|TAMS 0x000000074b600000, 0x000000074b600000| Complete 
| 161|0x000000074b700000, 0x000000074b800000, 0x000000074b800000|100%| E|CS|TAMS 0x000000074b700000, 0x000000074b700000| Complete 
| 162|0x000000074b800000, 0x000000074b900000, 0x000000074b900000|100%| E|CS|TAMS 0x000000074b800000, 0x000000074b800000| Complete 
| 163|0x000000074b900000, 0x000000074ba00000, 0x000000074ba00000|100%| E|CS|TAMS 0x000000074b900000, 0x000000074b900000| Complete 
| 164|0x000000074ba00000, 0x000000074bb00000, 0x000000074bb00000|100%| E|CS|TAMS 0x000000074ba00000, 0x000000074ba00000| Complete 
| 165|0x000000074bb00000, 0x000000074bc00000, 0x000000074bc00000|100%| E|CS|TAMS 0x000000074bb00000, 0x000000074bb00000| Complete 
| 166|0x000000074bc00000, 0x000000074bd00000, 0x000000074bd00000|100%| E|CS|TAMS 0x000000074bc00000, 0x000000074bc00000| Complete 
| 167|0x000000074bd00000, 0x000000074be00000, 0x000000074be00000|100%| E|CS|TAMS 0x000000074bd00000, 0x000000074bd00000| Complete 
| 168|0x000000074be00000, 0x000000074bf00000, 0x000000074bf00000|100%| E|CS|TAMS 0x000000074be00000, 0x000000074be00000| Complete 
| 169|0x000000074bf00000, 0x000000074c000000, 0x000000074c000000|100%| E|CS|TAMS 0x000000074bf00000, 0x000000074bf00000| Complete 
| 170|0x000000074c000000, 0x000000074c100000, 0x000000074c100000|100%| E|CS|TAMS 0x000000074c000000, 0x000000074c000000| Complete 
| 171|0x000000074c100000, 0x000000074c200000, 0x000000074c200000|100%| E|CS|TAMS 0x000000074c100000, 0x000000074c100000| Complete 
| 172|0x000000074c200000, 0x000000074c300000, 0x000000074c300000|100%| E|CS|TAMS 0x000000074c200000, 0x000000074c200000| Complete 
| 173|0x000000074c300000, 0x000000074c400000, 0x000000074c400000|100%| E|CS|TAMS 0x000000074c300000, 0x000000074c300000| Complete 
| 174|0x000000074c400000, 0x000000074c500000, 0x000000074c500000|100%| E|CS|TAMS 0x000000074c400000, 0x000000074c400000| Complete 
| 175|0x000000074c500000, 0x000000074c600000, 0x000000074c600000|100%| E|CS|TAMS 0x000000074c500000, 0x000000074c500000| Complete 
| 176|0x000000074c600000, 0x000000074c700000, 0x000000074c700000|100%| E|CS|TAMS 0x000000074c600000, 0x000000074c600000| Complete 
| 177|0x000000074c700000, 0x000000074c800000, 0x000000074c800000|100%| E|CS|TAMS 0x000000074c700000, 0x000000074c700000| Complete 
| 178|0x000000074c800000, 0x000000074c900000, 0x000000074c900000|100%| E|CS|TAMS 0x000000074c800000, 0x000000074c800000| Complete 
| 179|0x000000074c900000, 0x000000074ca00000, 0x000000074ca00000|100%| E|CS|TAMS 0x000000074c900000, 0x000000074c900000| Complete 
| 180|0x000000074ca00000, 0x000000074cb00000, 0x000000074cb00000|100%| E|CS|TAMS 0x000000074ca00000, 0x000000074ca00000| Complete 
| 181|0x000000074cb00000, 0x000000074cc00000, 0x000000074cc00000|100%| E|CS|TAMS 0x000000074cb00000, 0x000000074cb00000| Complete 
| 182|0x000000074cc00000, 0x000000074cd00000, 0x000000074cd00000|100%| E|CS|TAMS 0x000000074cc00000, 0x000000074cc00000| Complete 
| 183|0x000000074cd00000, 0x000000074ce00000, 0x000000074ce00000|100%| E|CS|TAMS 0x000000074cd00000, 0x000000074cd00000| Complete 
| 184|0x000000074ce00000, 0x000000074cf00000, 0x000000074cf00000|100%| E|CS|TAMS 0x000000074ce00000, 0x000000074ce00000| Complete 
| 185|0x000000074cf00000, 0x000000074d000000, 0x000000074d000000|100%| E|CS|TAMS 0x000000074cf00000, 0x000000074cf00000| Complete 
| 186|0x000000074d000000, 0x000000074d100000, 0x000000074d100000|100%| E|CS|TAMS 0x000000074d000000, 0x000000074d000000| Complete 
| 187|0x000000074d100000, 0x000000074d200000, 0x000000074d200000|100%| E|CS|TAMS 0x000000074d100000, 0x000000074d100000| Complete 
| 188|0x000000074d200000, 0x000000074d300000, 0x000000074d300000|100%| E|CS|TAMS 0x000000074d200000, 0x000000074d200000| Complete 
| 189|0x000000074d300000, 0x000000074d400000, 0x000000074d400000|100%| E|CS|TAMS 0x000000074d300000, 0x000000074d300000| Complete 
| 190|0x000000074d400000, 0x000000074d500000, 0x000000074d500000|100%| E|CS|TAMS 0x000000074d400000, 0x000000074d400000| Complete 
| 191|0x000000074d500000, 0x000000074d600000, 0x000000074d600000|100%| E|CS|TAMS 0x000000074d500000, 0x000000074d500000| Complete 

Card table byte_map: [0x00000248e8f10000,0x00000248e9510000] _byte_map_base: 0x00000248e5505000

Marking Bits (Prev, Next): (CMBitMap*) 0x00000248ceea04b0, (CMBitMap*) 0x00000248ceea0478
 Prev Bits: [0x00000248ecac0000, 0x00000248efa68000)
 Next Bits: [0x00000248e9b10000, 0x00000248ecab8000)

Polling page: 0x00000248cef20000

Metaspace:

Usage:
  Non-class:     25.37 MB capacity,    24.73 MB ( 97%) used,   522.73 KB (  2%) free+waste,   136.25 KB ( <1%) overhead. 
      Class:      4.03 MB capacity,     3.56 MB ( 88%) used,   410.64 KB ( 10%) free+waste,    68.44 KB (  2%) overhead. 
       Both:     29.40 MB capacity,    28.29 MB ( 96%) used,   933.37 KB (  3%) free+waste,   204.69 KB ( <1%) overhead. 

Virtual space:
  Non-class space:       26.00 MB reserved,      25.50 MB ( 98%) committed 
      Class space:        1.00 GB reserved,       4.13 MB ( <1%) committed 
             Both:        1.03 GB reserved,      29.63 MB (  3%) committed 

Chunk freelists:
   Non-Class:  2.00 KB
       Class:  0 bytes
        Both:  2.00 KB

MaxMetaspaceSize: 17179869184.00 GB
CompressedClassSpaceSize: 1.00 GB

CodeHeap 'non-profiled nmethods': size=120000Kb used=2574Kb max_used=2574Kb free=117425Kb
 bounds [0x00000248e0740000, 0x00000248e09d0000, 0x00000248e7c70000]
CodeHeap 'profiled nmethods': size=120000Kb used=11125Kb max_used=11125Kb free=108874Kb
 bounds [0x00000248d9210000, 0x00000248d9cf0000, 0x00000248e0740000]
CodeHeap 'non-nmethods': size=5760Kb used=1383Kb max_used=1438Kb free=4376Kb
 bounds [0x00000248d8c70000, 0x00000248d8ee0000, 0x00000248d9210000]
 total_blobs=7234 nmethods=4949 adapters=720
 compilation: enabled
              stopped_count=0, restarted_count=0
 full_count=0

Compilation events (20 events):
Event: 3570.903 Thread 0x00000248f30c6000 4932   !   4       java.io.PrintStream::write (83 bytes)
Event: 3570.917 Thread 0x00000248f30c6000 nmethod 4932 0x00000248e09c0090 code [0x00000248e09c02a0, 0x00000248e09c15d8]
Event: 5447.987 Thread 0x00000248f30c6000 4933       4       java.lang.String::split (7 bytes)
Event: 5448.047 Thread 0x00000248f30c6000 nmethod 4933 0x00000248e09c2010 code [0x00000248e09c21c0, 0x00000248e09c2648]
Event: 5522.731 Thread 0x00000248f30c6000 4934       4       java.io.BufferedReader::readLine (6 bytes)
Event: 5522.738 Thread 0x00000248f30c6000 nmethod 4934 0x00000248e09c2a90 code [0x00000248e09c2c20, 0x00000248e09c2ca8]
Event: 5526.824 Thread 0x00000248f30c6000 4935   !   4       java.net.SocketOutputStream::socketWrite (133 bytes)
Event: 5526.839 Thread 0x00000248f30c6000 nmethod 4935 0x00000248e09c2d90 code [0x00000248e09c2f60, 0x00000248e09c3568]
Event: 5905.539 Thread 0x00000248f30cb800 4936       3       javafx.css.StyleableObjectProperty::<init> (10 bytes)
Event: 5905.597 Thread 0x00000248f30cb800 nmethod 4936 0x00000248d9cd7f10 code [0x00000248d9cd80e0, 0x00000248d9cd84f8]
Event: 5905.638 Thread 0x00000248f30c6000 4937       4       javafx.scene.CssStyleHelper::createStyleHelper (310 bytes)
Event: 5905.699 Thread 0x00000248f30cb800 4938       3       java.util.Collections::singletonList (9 bytes)
Event: 5905.713 Thread 0x00000248f30cb800 nmethod 4938 0x00000248d9cd8690 code [0x00000248d9cd8860, 0x00000248d9cd8bd8]
Event: 5905.715 Thread 0x00000248f30cb800 4940       3       java.util.ResourceBundle::findBundle (321 bytes)
Event: 5905.777 Thread 0x00000248f30cb800 nmethod 4940 0x00000248d9cd8d10 code [0x00000248d9cd9120, 0x00000248d9cdb610]
Event: 5905.802 Thread 0x00000248f30cb800 4943       3       java.security.AccessControlContext::optimize (318 bytes)
Event: 5905.831 Thread 0x00000248f30cb800 nmethod 4943 0x00000248d9cdc090 code [0x00000248d9cdc440, 0x00000248d9cdde10]
Event: 5905.837 Thread 0x00000248f30cb800 4944       3       com.sun.javafx.tk.quantum.GlassScene::sceneChanged (25 bytes)
Event: 5905.839 Thread 0x00000248f30cb800 nmethod 4944 0x00000248d9cde610 code [0x00000248d9cde800, 0x00000248d9cdeb20]
Event: 5905.855 Thread 0x00000248f30cb800 4945       3       com.sun.javafx.css.StyleManager$Cache::getStyleMap (400 bytes)

GC Heap History (16 events):
Event: 0.876 GC heap before
{Heap before GC invocations=0 (full 0):
 garbage-first heap   total 196608K, used 23552K [0x0000000741600000, 0x0000000800000000)
  region size 1024K, 24 young (24576K), 0 survivors (0K)
 Metaspace       used 14422K, capacity 14847K, committed 15104K, reserved 1062912K
  class space    used 1589K, capacity 1746K, committed 1792K, reserved 1048576K
}
Event: 0.880 GC heap after
{Heap after GC invocations=1 (full 0):
 garbage-first heap   total 196608K, used 4596K [0x0000000741600000, 0x0000000800000000)
  region size 1024K, 3 young (3072K), 3 survivors (3072K)
 Metaspace       used 14422K, capacity 14847K, committed 15104K, reserved 1062912K
  class space    used 1589K, capacity 1746K, committed 1792K, reserved 1048576K
}
Event: 1.378 GC heap before
{Heap before GC invocations=1 (full 0):
 garbage-first heap   total 196608K, used 24052K [0x0000000741600000, 0x0000000800000000)
  region size 1024K, 22 young (22528K), 3 survivors (3072K)
 Metaspace       used 20366K, capacity 20995K, committed 21248K, reserved 1067008K
  class space    used 2515K, capacity 2785K, committed 2816K, reserved 1048576K
}
Event: 1.383 GC heap after
{Heap after GC invocations=2 (full 0):
 garbage-first heap   total 196608K, used 8460K [0x0000000741600000, 0x0000000800000000)
  region size 1024K, 6 young (6144K), 6 survivors (6144K)
 Metaspace       used 20366K, capacity 20995K, committed 21248K, reserved 1067008K
  class space    used 2515K, capacity 2785K, committed 2816K, reserved 1048576K
}
Event: 44.609 GC heap before
{Heap before GC invocations=3 (full 0):
 garbage-first heap   total 196608K, used 44300K [0x0000000741600000, 0x0000000800000000)
  region size 1024K, 39 young (39936K), 6 survivors (6144K)
 Metaspace       used 27499K, capacity 28527K, committed 28672K, reserved 1073152K
  class space    used 3528K, capacity 3971K, committed 4096K, reserved 1048576K
}
Event: 44.620 GC heap after
{Heap after GC invocations=4 (full 0):
 garbage-first heap   total 196608K, used 14479K [0x0000000741600000, 0x0000000800000000)
  region size 1024K, 5 young (5120K), 5 survivors (5120K)
 Metaspace       used 27499K, capacity 28527K, committed 28672K, reserved 1073152K
  class space    used 3528K, capacity 3971K, committed 4096K, reserved 1048576K
}
Event: 415.527 GC heap before
{Heap before GC invocations=4 (full 0):
 garbage-first heap   total 196608K, used 68751K [0x0000000741600000, 0x0000000800000000)
  region size 1024K, 58 young (59392K), 5 survivors (5120K)
 Metaspace       used 28938K, capacity 30040K, committed 30336K, reserved 1075200K
  class space    used 3643K, capacity 4123K, committed 4224K, reserved 1048576K
}
Event: 415.532 GC heap after
{Heap after GC invocations=5 (full 0):
 garbage-first heap   total 196608K, used 17442K [0x0000000741600000, 0x0000000800000000)
  region size 1024K, 8 young (8192K), 8 survivors (8192K)
 Metaspace       used 28938K, capacity 30040K, committed 30336K, reserved 1075200K
  class space    used 3643K, capacity 4123K, committed 4224K, reserved 1048576K
}
Event: 1613.039 GC heap before
{Heap before GC invocations=5 (full 0):
 garbage-first heap   total 196608K, used 127010K [0x0000000741600000, 0x0000000800000000)
  region size 1024K, 115 young (117760K), 8 survivors (8192K)
 Metaspace       used 28944K, capacity 30040K, committed 30336K, reserved 1075200K
  class space    used 3644K, capacity 4123K, committed 4224K, reserved 1048576K
}
Event: 1613.053 GC heap after
{Heap after GC invocations=6 (full 0):
 garbage-first heap   total 196608K, used 17991K [0x0000000741600000, 0x0000000800000000)
  region size 1024K, 8 young (8192K), 8 survivors (8192K)
 Metaspace       used 28944K, capacity 30040K, committed 30336K, reserved 1075200K
  class space    used 3644K, capacity 4123K, committed 4224K, reserved 1048576K
}
Event: 2817.133 GC heap before
{Heap before GC invocations=6 (full 0):
 garbage-first heap   total 196608K, used 127559K [0x0000000741600000, 0x0000000800000000)
  region size 1024K, 115 young (117760K), 8 survivors (8192K)
 Metaspace       used 28944K, capacity 30040K, committed 30336K, reserved 1075200K
  class space    used 3644K, capacity 4123K, committed 4224K, reserved 1048576K
}
Event: 2817.159 GC heap after
{Heap after GC invocations=7 (full 0):
 garbage-first heap   total 196608K, used 18090K [0x0000000741600000, 0x0000000800000000)
  region size 1024K, 8 young (8192K), 8 survivors (8192K)
 Metaspace       used 28944K, capacity 30040K, committed 30336K, reserved 1075200K
  class space    used 3644K, capacity 4123K, committed 4224K, reserved 1048576K
}
Event: 4025.058 GC heap before
{Heap before GC invocations=7 (full 0):
 garbage-first heap   total 196608K, used 127658K [0x0000000741600000, 0x0000000800000000)
  region size 1024K, 115 young (117760K), 8 survivors (8192K)
 Metaspace       used 28944K, capacity 30040K, committed 30336K, reserved 1075200K
  class space    used 3644K, capacity 4123K, committed 4224K, reserved 1048576K
}
Event: 4025.156 GC heap after
{Heap after GC invocations=8 (full 0):
 garbage-first heap   total 196608K, used 17984K [0x0000000741600000, 0x0000000800000000)
  region size 1024K, 8 young (8192K), 8 survivors (8192K)
 Metaspace       used 28944K, capacity 30040K, committed 30336K, reserved 1075200K
  class space    used 3644K, capacity 4123K, committed 4224K, reserved 1048576K
}
Event: 5235.610 GC heap before
{Heap before GC invocations=8 (full 0):
 garbage-first heap   total 196608K, used 127552K [0x0000000741600000, 0x0000000800000000)
  region size 1024K, 115 young (117760K), 8 survivors (8192K)
 Metaspace       used 28944K, capacity 30040K, committed 30336K, reserved 1075200K
  class space    used 3644K, capacity 4123K, committed 4224K, reserved 1048576K
}
Event: 5235.683 GC heap after
{Heap after GC invocations=9 (full 0):
 garbage-first heap   total 196608K, used 17315K [0x0000000741600000, 0x0000000800000000)
  region size 1024K, 7 young (7168K), 7 survivors (7168K)
 Metaspace       used 28944K, capacity 30040K, committed 30336K, reserved 1075200K
  class space    used 3644K, capacity 4123K, committed 4224K, reserved 1048576K
}

Deoptimization events (20 events):
Event: 5905.616 Thread 0x00000248f3ca5800 Uncommon trap: trap_request=0xffffffbe fr.pc=0x00000248e0960454 relative=0x00000000000034b4
Event: 5905.618 Thread 0x00000248f3ca5800 Uncommon trap: reason=profile_predicate action=maybe_recompile pc=0x00000248e0960454 method=javafx.css.CompoundSelector.applies(Ljavafx/css/Styleable;[Ljava/util/Set;I)Z @ 89 c2
Event: 5905.618 Thread 0x00000248f3ca5800 DEOPT PACKING pc=0x00000248e0960454 sp=0x000000ea364fbeb0
Event: 5905.620 Thread 0x00000248f3ca5800 DEOPT UNPACKING pc=0x00000248d8c991af sp=0x000000ea364fbdd0 mode 2
Event: 5905.625 Thread 0x00000248f3ca5800 Uncommon trap: trap_request=0xffffffbe fr.pc=0x00000248e0949704 relative=0x0000000000000324
Event: 5905.625 Thread 0x00000248f3ca5800 Uncommon trap: reason=profile_predicate action=maybe_recompile pc=0x00000248e0949704 method=javafx.css.CompoundSelector.applies(Ljavafx/css/Styleable;[Ljava/util/Set;I)Z @ 89 c2
Event: 5905.625 Thread 0x00000248f3ca5800 DEOPT PACKING pc=0x00000248e0949704 sp=0x000000ea364fbe10
Event: 5905.625 Thread 0x00000248f3ca5800 DEOPT UNPACKING pc=0x00000248d8c991af sp=0x000000ea364fbdc0 mode 2
Event: 5905.639 Thread 0x00000248f3ca5800 Uncommon trap: trap_request=0xffffffbe fr.pc=0x00000248e0960454 relative=0x00000000000034b4
Event: 5905.639 Thread 0x00000248f3ca5800 Uncommon trap: reason=profile_predicate action=maybe_recompile pc=0x00000248e0960454 method=javafx.css.CompoundSelector.applies(Ljavafx/css/Styleable;[Ljava/util/Set;I)Z @ 89 c2
Event: 5905.639 Thread 0x00000248f3ca5800 DEOPT PACKING pc=0x00000248e0960454 sp=0x000000ea364fc120
Event: 5905.639 Thread 0x00000248f3ca5800 DEOPT UNPACKING pc=0x00000248d8c991af sp=0x000000ea364fc040 mode 2
Event: 5905.639 Thread 0x00000248f3ca5800 Uncommon trap: trap_request=0xffffffbe fr.pc=0x00000248e0949704 relative=0x0000000000000324
Event: 5905.639 Thread 0x00000248f3ca5800 Uncommon trap: reason=profile_predicate action=maybe_recompile pc=0x00000248e0949704 method=javafx.css.CompoundSelector.applies(Ljavafx/css/Styleable;[Ljava/util/Set;I)Z @ 89 c2
Event: 5905.639 Thread 0x00000248f3ca5800 DEOPT PACKING pc=0x00000248e0949704 sp=0x000000ea364fc080
Event: 5905.639 Thread 0x00000248f3ca5800 DEOPT UNPACKING pc=0x00000248d8c991af sp=0x000000ea364fc030 mode 2
Event: 5905.699 Thread 0x00000248f3ca5800 Uncommon trap: trap_request=0xffffffbe fr.pc=0x00000248e0960454 relative=0x00000000000034b4
Event: 5905.699 Thread 0x00000248f3ca5800 Uncommon trap: reason=profile_predicate action=maybe_recompile pc=0x00000248e0960454 method=javafx.css.CompoundSelector.applies(Ljavafx/css/Styleable;[Ljava/util/Set;I)Z @ 89 c2
Event: 5905.699 Thread 0x00000248f3ca5800 DEOPT PACKING pc=0x00000248e0960454 sp=0x000000ea364fbba0
Event: 5905.699 Thread 0x00000248f3ca5800 DEOPT UNPACKING pc=0x00000248d8c991af sp=0x000000ea364fbac0 mode 2

Classes redefined (0 events):
No events

Internal exceptions (20 events):
Event: 1.426 Thread 0x00000248f3ca5800 Exception <a 'java/lang/IncompatibleClassChangeError'{0x000000074d338608}: Found class java.lang.Object, but interface was expected> (0x000000074d338608) thrown at [c:/cygwin64/tmp/openjdk-jdk11u-windows-x64-hotspot/workspace/build/src/src/hotspot/share/i
Event: 1.476 Thread 0x00000248f3ca5800 Exception <a 'java/io/FileNotFoundException'{0x000000074d28d388}> (0x000000074d28d388) thrown at [c:/cygwin64/tmp/openjdk-jdk11u-windows-x64-hotspot/workspace/build/src/src/hotspot/share/prims/jni.cpp, line 615]
Event: 1.494 Thread 0x00000248f3ca5800 Exception <a 'java/io/FileNotFoundException'{0x000000074d2de2d0}> (0x000000074d2de2d0) thrown at [c:/cygwin64/tmp/openjdk-jdk11u-windows-x64-hotspot/workspace/build/src/src/hotspot/share/prims/jni.cpp, line 615]
Event: 1.612 Thread 0x00000248f38b7800 Exception <a 'java/lang/NoSuchMethodError'{0x000000074ce0cd78}: 'int java.lang.invoke.DirectMethodHandle$Holder.invokeStaticInit(java.lang.Object, java.lang.Object)'> (0x000000074ce0cd78) thrown at [c:/cygwin64/tmp/openjdk-jdk11u-windows-x64-hotspot/works
Event: 1.693 Thread 0x00000248f38b7800 Exception <a 'java/lang/NoSuchMethodError'{0x000000074cb1cb20}: 'java.lang.Object java.lang.invoke.DirectMethodHandle$Holder.invokeStaticInit(java.lang.Object, int)'> (0x000000074cb1cb20) thrown at [c:/cygwin64/tmp/openjdk-jdk11u-windows-x64-hotspot/works
Event: 8.397 Thread 0x00000248f3ca5800 Exception <a 'java/lang/NoSuchMethodError'{0x000000074ca72910}: 'long java.lang.invoke.DirectMethodHandle$Holder.invokeStaticInit(java.lang.Object, java.lang.Object, java.lang.Object)'> (0x000000074ca72910) thrown at [c:/cygwin64/tmp/openjdk-jdk11u-window
Event: 8.399 Thread 0x00000248f3ca5800 Exception <a 'java/lang/NoSuchMethodError'{0x000000074ca8b258}: 'java.lang.Object java.lang.invoke.DirectMethodHandle$Holder.invokeStatic(java.lang.Object, java.lang.Object, long)'> (0x000000074ca8b258) thrown at [c:/cygwin64/tmp/openjdk-jdk11u-windows-x6
Event: 8.399 Thread 0x00000248f3ca5800 Exception <a 'java/lang/NoSuchMethodError'{0x000000074ca913d0}: 'java.lang.Object java.lang.invoke.Invokers$Holder.linkToTargetMethod(java.lang.Object, long, java.lang.Object)'> (0x000000074ca913d0) thrown at [c:/cygwin64/tmp/openjdk-jdk11u-windows-x64-ho
Event: 11.532 Thread 0x00000248f3ca5800 Exception <a 'java/lang/NoSuchMethodError'{0x000000074c82e078}: 'java.lang.Object java.lang.invoke.DirectMethodHandle$Holder.invokeStatic(java.lang.Object, java.lang.Object, java.lang.Object, java.lang.Object, java.lang.Object, java.lang.Object, java.lang
Event: 11.533 Thread 0x00000248f3ca5800 Exception <a 'java/lang/NoSuchMethodError'{0x000000074c83a518}: 'java.lang.Object java.lang.invoke.DirectMethodHandle$Holder.invokeStatic(java.lang.Object, java.lang.Object, java.lang.Object, java.lang.Object, java.lang.Object, java.lang.Object, java.lang
Event: 11.533 Thread 0x00000248f3ca5800 Exception <a 'java/lang/NoSuchMethodError'{0x000000074c846d98}: 'java.lang.Object java.lang.invoke.DirectMethodHandle$Holder.invokeStatic(java.lang.Object, java.lang.Object, java.lang.Object, java.lang.Object, java.lang.Object, java.lang.Object, java.lang
Event: 12.539 Thread 0x00000248f313d800 Exception <a 'java/lang/NoSuchMethodError'{0x000000074c302950}: 'void java.lang.invoke.DirectMethodHandle$Holder.invokeStatic(java.lang.Object, long)'> (0x000000074c302950) thrown at [c:/cygwin64/tmp/openjdk-jdk11u-windows-x64-hotspot/workspace/build/src/
Event: 12.539 Thread 0x00000248f313d800 Exception <a 'java/lang/NoSuchMethodError'{0x000000074c307788}: 'java.lang.Object java.lang.invoke.DirectMethodHandle$Holder.invokeStatic(java.lang.Object, long)'> (0x000000074c307788) thrown at [c:/cygwin64/tmp/openjdk-jdk11u-windows-x64-hotspot/workspac
Event: 12.540 Thread 0x00000248f313d800 Exception <a 'java/lang/NoSuchMethodError'{0x000000074c312460}: 'java.lang.Object java.lang.invoke.DirectMethodHandle$Holder.invokeStaticInit(java.lang.Object, java.lang.Object, long, java.lang.Object)'> (0x000000074c312460) thrown at [c:/cygwin64/tmp/ope
Event: 44.486 Thread 0x00000248f3ca5800 Exception <a 'java/lang/NoSuchMethodError'{0x000000074b4609f0}: 'java.lang.Object java.lang.invoke.DirectMethodHandle$Holder.invokeSpecial(java.lang.Object, java.lang.Object, int, int, int, java.lang.Object, java.lang.Object, java.lang.Object)'> (0x000000
Event: 44.486 Thread 0x00000248f3ca5800 Exception <a 'java/lang/NoSuchMethodError'{0x000000074b464030}: 'java.lang.Object java.lang.invoke.DelegatingMethodHandle$Holder.reinvoke_L(java.lang.Object, int, int, int, java.lang.Object, java.lang.Object, java.lang.Object)'> (0x000000074b464030) throw
Event: 44.487 Thread 0x00000248f3ca5800 Exception <a 'java/lang/NoSuchMethodError'{0x000000074b46b710}: 'java.lang.Object java.lang.invoke.DirectMethodHandle$Holder.invokeStatic(java.lang.Object, java.lang.Object, java.lang.Object, java.lang.Object, java.lang.Object, int)'> (0x000000074b46b710)
Event: 56.958 Thread 0x00000248f3ca5800 Exception <a 'java/lang/NoSuchMethodError'{0x000000074ce9fe68}: 'java.lang.Object java.lang.invoke.DirectMethodHandle$Holder.invokeSpecial(java.lang.Object, java.lang.Object, int, int, int, java.lang.Object, java.lang.Object, java.lang.Object, java.lang.O
Event: 56.958 Thread 0x00000248f3ca5800 Exception <a 'java/lang/NoSuchMethodError'{0x000000074cea38c8}: 'java.lang.Object java.lang.invoke.DelegatingMethodHandle$Holder.reinvoke_L(java.lang.Object, int, int, int, java.lang.Object, java.lang.Object, java.lang.Object, java.lang.Object)'> (0x00000
Event: 56.960 Thread 0x00000248f3ca5800 Exception <a 'java/lang/NoSuchMethodError'{0x000000074cee3b88}: 'java.lang.Object java.lang.invoke.DirectMethodHandle$Holder.invokeStatic(java.lang.Object, java.lang.Object, java.lang.Object, java.lang.Object, java.lang.Object, java.lang.Object, java.lang

Events (20 events):
Event: 60.140 Thread 0x00000248f4acb800 Thread exited: 0x00000248f4acb800
Event: 60.140 Thread 0x00000248f4aca800 Thread exited: 0x00000248f4aca800
Event: 415.527 Executing VM operation: G1CollectForAllocation
Event: 415.532 Executing VM operation: G1CollectForAllocation done
Event: 415.533 Executing VM operation: RevokeBias
Event: 415.535 Executing VM operation: RevokeBias done
Event: 415.535 Executing VM operation: RevokeBias
Event: 415.535 Executing VM operation: RevokeBias done
Event: 635.936 loading class java/lang/ProcessBuilder$Redirect
Event: 635.936 loading class java/lang/ProcessBuilder$Redirect done
Event: 1613.038 Executing VM operation: G1CollectForAllocation
Event: 1613.053 Executing VM operation: G1CollectForAllocation done
Event: 1613.060 Thread 0x00000248f4ac6800 Thread added: 0x00000248f4ac6800
Event: 1616.968 Thread 0x00000248f4ac6800 Thread exited: 0x00000248f4ac6800
Event: 2817.132 Executing VM operation: G1CollectForAllocation
Event: 2817.160 Executing VM operation: G1CollectForAllocation done
Event: 4025.051 Executing VM operation: G1CollectForAllocation
Event: 4025.157 Executing VM operation: G1CollectForAllocation done
Event: 5235.599 Executing VM operation: G1CollectForAllocation
Event: 5235.684 Executing VM operation: G1CollectForAllocation done


Dynamic libraries:
0x00007ff792a90000 - 0x00007ff792a9d000 	C:\Program Files\AdoptOpenJDK\jdk-11.0.5.10-hotspot\bin\java.exe
0x00007ffb9d2a0000 - 0x00007ffb9d490000 	C:\WINDOWS\SYSTEM32\ntdll.dll
0x00007ffb9d1a0000 - 0x00007ffb9d252000 	C:\WINDOWS\System32\KERNEL32.DLL
0x00007ffb9a6a0000 - 0x00007ffb9a943000 	C:\WINDOWS\System32\KERNELBASE.dll
0x00007ffb9a230000 - 0x00007ffb9a32a000 	C:\WINDOWS\System32\ucrtbase.dll
0x00007ffb95e40000 - 0x00007ffb95e57000 	C:\Program Files\AdoptOpenJDK\jdk-11.0.5.10-hotspot\bin\jli.dll
0x00007ffb95910000 - 0x00007ffb95926000 	C:\Program Files\AdoptOpenJDK\jdk-11.0.5.10-hotspot\bin\VCRUNTIME140.dll
0x00007ffb9b930000 - 0x00007ffb9bac4000 	C:\WINDOWS\System32\USER32.dll
0x00007ffb9a9b0000 - 0x00007ffb9a9d1000 	C:\WINDOWS\System32\win32u.dll
0x00007ffb9c730000 - 0x00007ffb9c756000 	C:\WINDOWS\System32\GDI32.dll
0x00007ffb9a500000 - 0x00007ffb9a694000 	C:\WINDOWS\System32\gdi32full.dll
0x00007ffb90260000 - 0x00007ffb904e5000 	C:\WINDOWS\WinSxS\amd64_microsoft.windows.common-controls_6595b64144ccf1df_6.0.18362.535_none_e6c3b34713100821\COMCTL32.dll
0x00007ffb9ab30000 - 0x00007ffb9abce000 	C:\WINDOWS\System32\msvcp_win.dll
0x00007ffb9c8c0000 - 0x00007ffb9c95e000 	C:\WINDOWS\System32\msvcrt.dll
0x00007ffb9bc30000 - 0x00007ffb9bf66000 	C:\WINDOWS\System32\combase.dll
0x00007ffb9b660000 - 0x00007ffb9b780000 	C:\WINDOWS\System32\RPCRT4.dll
0x00007ffb9a410000 - 0x00007ffb9a490000 	C:\WINDOWS\System32\bcryptPrimitives.dll
0x00007ffb9b630000 - 0x00007ffb9b65e000 	C:\WINDOWS\System32\IMM32.DLL
0x00007ffb93910000 - 0x00007ffb939ab000 	C:\Program Files\AdoptOpenJDK\jdk-11.0.5.10-hotspot\bin\msvcp140.dll
0x00007ffb61d00000 - 0x00007ffb627ba000 	C:\Program Files\AdoptOpenJDK\jdk-11.0.5.10-hotspot\bin\server\jvm.dll
0x00007ffb9c760000 - 0x00007ffb9c803000 	C:\WINDOWS\System32\ADVAPI32.dll
0x00007ffb9c690000 - 0x00007ffb9c727000 	C:\WINDOWS\System32\sechost.dll
0x00007ffb9bfe0000 - 0x00007ffb9bfe8000 	C:\WINDOWS\System32\PSAPI.DLL
0x00007ffb97030000 - 0x00007ffb97054000 	C:\WINDOWS\SYSTEM32\WINMM.dll
0x00007ffb88aa0000 - 0x00007ffb88aa9000 	C:\WINDOWS\SYSTEM32\WSOCK32.dll
0x00007ffb94c60000 - 0x00007ffb94c6a000 	C:\WINDOWS\SYSTEM32\VERSION.dll
0x00007ffb9c9c0000 - 0x00007ffb9ca2f000 	C:\WINDOWS\System32\WS2_32.dll
0x00007ffb96ff0000 - 0x00007ffb9701d000 	C:\WINDOWS\SYSTEM32\winmmbase.dll
0x00007ffb9a4b0000 - 0x00007ffb9a4fa000 	C:\WINDOWS\System32\cfgmgr32.dll
0x00007ffb9a210000 - 0x00007ffb9a221000 	C:\WINDOWS\System32\kernel.appcore.dll
0x00007ffb980b0000 - 0x00007ffb980c0000 	C:\Program Files\AdoptOpenJDK\jdk-11.0.5.10-hotspot\bin\verify.dll
0x00007ffb88030000 - 0x00007ffb88224000 	C:\WINDOWS\SYSTEM32\DBGHELP.DLL
0x00007ffb88310000 - 0x00007ffb8833a000 	C:\WINDOWS\SYSTEM32\dbgcore.DLL
0x00007ffb938e0000 - 0x00007ffb93908000 	C:\Program Files\AdoptOpenJDK\jdk-11.0.5.10-hotspot\bin\java.dll
0x00007ffb965a0000 - 0x00007ffb965ae000 	C:\Program Files\AdoptOpenJDK\jdk-11.0.5.10-hotspot\bin\instrument.dll
0x00007ffb952b0000 - 0x00007ffb952c6000 	C:\Program Files\AdoptOpenJDK\jdk-11.0.5.10-hotspot\bin\zip.dll
0x00007ffb95e30000 - 0x00007ffb95e3a000 	C:\Program Files\AdoptOpenJDK\jdk-11.0.5.10-hotspot\bin\jimage.dll
0x00007ffb9cab0000 - 0x00007ffb9d195000 	C:\WINDOWS\System32\SHELL32.dll
0x00007ffb9b580000 - 0x00007ffb9b629000 	C:\WINDOWS\System32\shcore.dll
0x00007ffb9abd0000 - 0x00007ffb9b34f000 	C:\WINDOWS\System32\windows.storage.dll
0x00007ffb9a1a0000 - 0x00007ffb9a1bf000 	C:\WINDOWS\System32\profapi.dll
0x00007ffb9a1c0000 - 0x00007ffb9a20a000 	C:\WINDOWS\System32\powrprof.dll
0x00007ffb9a170000 - 0x00007ffb9a180000 	C:\WINDOWS\System32\UMPDC.dll
0x00007ffb9b490000 - 0x00007ffb9b4e2000 	C:\WINDOWS\System32\shlwapi.dll
0x00007ffb9a490000 - 0x00007ffb9a4a7000 	C:\WINDOWS\System32\cryptsp.dll
0x00007ffb93b50000 - 0x00007ffb93b69000 	C:\Program Files\AdoptOpenJDK\jdk-11.0.5.10-hotspot\bin\net.dll
0x00007ffb8c7a0000 - 0x00007ffb8c890000 	C:\WINDOWS\SYSTEM32\WINHTTP.dll
0x00007ffb999e0000 - 0x00007ffb99a47000 	C:\WINDOWS\system32\mswsock.dll
0x00007ffb938c0000 - 0x00007ffb938d2000 	C:\Program Files\AdoptOpenJDK\jdk-11.0.5.10-hotspot\bin\nio.dll
0x00007ffb938a0000 - 0x00007ffb938ba000 	D:\IntelliJ IDEA 2019.3\bin\breakgen64.dll
0x00000248f3d10000 - 0x00000248f3d13000 	C:\Program Files\AdoptOpenJDK\jdk-11.0.5.10-hotspot\bin\api-ms-win-core-console-l1-1-0.dll
0x00000248f3d20000 - 0x00000248f3d23000 	C:\Program Files\AdoptOpenJDK\jdk-11.0.5.10-hotspot\bin\api-ms-win-core-datetime-l1-1-0.dll
0x00000248f3d30000 - 0x00000248f3d33000 	C:\Program Files\AdoptOpenJDK\jdk-11.0.5.10-hotspot\bin\api-ms-win-core-debug-l1-1-0.dll
0x00000248f3d40000 - 0x00000248f3d43000 	C:\Program Files\AdoptOpenJDK\jdk-11.0.5.10-hotspot\bin\api-ms-win-core-errorhandling-l1-1-0.dll
0x00000248f3d50000 - 0x00000248f3d54000 	C:\Program Files\AdoptOpenJDK\jdk-11.0.5.10-hotspot\bin\api-ms-win-core-file-l1-1-0.dll
0x00000248f3d60000 - 0x00000248f3d63000 	C:\Program Files\AdoptOpenJDK\jdk-11.0.5.10-hotspot\bin\api-ms-win-core-file-l1-2-0.dll
0x00000248f3d70000 - 0x00000248f3d73000 	C:\Program Files\AdoptOpenJDK\jdk-11.0.5.10-hotspot\bin\api-ms-win-core-file-l2-1-0.dll
0x00000248f3d80000 - 0x00000248f3d83000 	C:\Program Files\AdoptOpenJDK\jdk-11.0.5.10-hotspot\bin\api-ms-win-core-handle-l1-1-0.dll
0x00000248f3d90000 - 0x00000248f3d93000 	C:\Program Files\AdoptOpenJDK\jdk-11.0.5.10-hotspot\bin\api-ms-win-core-heap-l1-1-0.dll
0x00000248f3da0000 - 0x00000248f3da3000 	C:\Program Files\AdoptOpenJDK\jdk-11.0.5.10-hotspot\bin\api-ms-win-core-interlocked-l1-1-0.dll
0x00000248f3db0000 - 0x00000248f3db3000 	C:\Program Files\AdoptOpenJDK\jdk-11.0.5.10-hotspot\bin\api-ms-win-core-libraryloader-l1-1-0.dll
0x00000248f3dc0000 - 0x00000248f3dc3000 	C:\Program Files\AdoptOpenJDK\jdk-11.0.5.10-hotspot\bin\api-ms-win-core-localization-l1-2-0.dll
0x00000248f3dd0000 - 0x00000248f3dd3000 	C:\Program Files\AdoptOpenJDK\jdk-11.0.5.10-hotspot\bin\api-ms-win-core-memory-l1-1-0.dll
0x00000248f3de0000 - 0x00000248f3de3000 	C:\Program Files\AdoptOpenJDK\jdk-11.0.5.10-hotspot\bin\api-ms-win-core-namedpipe-l1-1-0.dll
0x00000248f3df0000 - 0x00000248f3df3000 	C:\Program Files\AdoptOpenJDK\jdk-11.0.5.10-hotspot\bin\api-ms-win-core-processenvironment-l1-1-0.dll
0x00000248f3e00000 - 0x00000248f3e03000 	C:\Program Files\AdoptOpenJDK\jdk-11.0.5.10-hotspot\bin\api-ms-win-core-processthreads-l1-1-0.dll
0x00000248f3e10000 - 0x00000248f3e13000 	C:\Program Files\AdoptOpenJDK\jdk-11.0.5.10-hotspot\bin\api-ms-win-core-processthreads-l1-1-1.dll
0x00000248f3e20000 - 0x00000248f3e23000 	C:\Program Files\AdoptOpenJDK\jdk-11.0.5.10-hotspot\bin\api-ms-win-core-profile-l1-1-0.dll
0x00000248f3e30000 - 0x00000248f3e33000 	C:\Program Files\AdoptOpenJDK\jdk-11.0.5.10-hotspot\bin\api-ms-win-core-rtlsupport-l1-1-0.dll
0x00000248f3e40000 - 0x00000248f3e43000 	C:\Program Files\AdoptOpenJDK\jdk-11.0.5.10-hotspot\bin\api-ms-win-core-string-l1-1-0.dll
0x00000248f3e50000 - 0x00000248f3e53000 	C:\Program Files\AdoptOpenJDK\jdk-11.0.5.10-hotspot\bin\api-ms-win-core-synch-l1-1-0.dll
0x00000248f3e60000 - 0x00000248f3e63000 	C:\Program Files\AdoptOpenJDK\jdk-11.0.5.10-hotspot\bin\api-ms-win-core-synch-l1-2-0.dll
0x00000248f3e70000 - 0x00000248f3e73000 	C:\Program Files\AdoptOpenJDK\jdk-11.0.5.10-hotspot\bin\api-ms-win-core-sysinfo-l1-1-0.dll
0x00000248f3e80000 - 0x00000248f3e83000 	C:\Program Files\AdoptOpenJDK\jdk-11.0.5.10-hotspot\bin\api-ms-win-core-timezone-l1-1-0.dll
0x00000248f3e90000 - 0x00000248f3e93000 	C:\Program Files\AdoptOpenJDK\jdk-11.0.5.10-hotspot\bin\api-ms-win-core-util-l1-1-0.dll
0x00000248f3ea0000 - 0x00000248f3ea3000 	C:\Program Files\AdoptOpenJDK\jdk-11.0.5.10-hotspot\bin\api-ms-win-crt-conio-l1-1-0.dll
0x00000248f3eb0000 - 0x00000248f3eb4000 	C:\Program Files\AdoptOpenJDK\jdk-11.0.5.10-hotspot\bin\api-ms-win-crt-convert-l1-1-0.dll
0x00000248f3ec0000 - 0x00000248f3ec3000 	C:\Program Files\AdoptOpenJDK\jdk-11.0.5.10-hotspot\bin\api-ms-win-crt-environment-l1-1-0.dll
0x00000248f3ed0000 - 0x00000248f3ed3000 	C:\Program Files\AdoptOpenJDK\jdk-11.0.5.10-hotspot\bin\api-ms-win-crt-filesystem-l1-1-0.dll
0x00000248f3ee0000 - 0x00000248f3ee3000 	C:\Program Files\AdoptOpenJDK\jdk-11.0.5.10-hotspot\bin\api-ms-win-crt-heap-l1-1-0.dll
0x00000248f3ef0000 - 0x00000248f3ef3000 	C:\Program Files\AdoptOpenJDK\jdk-11.0.5.10-hotspot\bin\api-ms-win-crt-locale-l1-1-0.dll
0x00000248f3f00000 - 0x00000248f3f05000 	C:\Program Files\AdoptOpenJDK\jdk-11.0.5.10-hotspot\bin\api-ms-win-crt-math-l1-1-0.dll
0x00000248f3f10000 - 0x00000248f3f15000 	C:\Program Files\AdoptOpenJDK\jdk-11.0.5.10-hotspot\bin\api-ms-win-crt-multibyte-l1-1-0.dll
0x00000248f3f20000 - 0x00000248f3f30000 	C:\Program Files\AdoptOpenJDK\jdk-11.0.5.10-hotspot\bin\api-ms-win-crt-private-l1-1-0.dll
0x00000248f3f30000 - 0x00000248f3f33000 	C:\Program Files\AdoptOpenJDK\jdk-11.0.5.10-hotspot\bin\api-ms-win-crt-process-l1-1-0.dll
0x00000248f3f40000 - 0x00000248f3f44000 	C:\Program Files\AdoptOpenJDK\jdk-11.0.5.10-hotspot\bin\api-ms-win-crt-runtime-l1-1-0.dll
0x00000248f3f50000 - 0x00000248f3f54000 	C:\Program Files\AdoptOpenJDK\jdk-11.0.5.10-hotspot\bin\api-ms-win-crt-stdio-l1-1-0.dll
0x00000248f3f60000 - 0x00000248f3f64000 	C:\Program Files\AdoptOpenJDK\jdk-11.0.5.10-hotspot\bin\api-ms-win-crt-string-l1-1-0.dll
0x00000248f3f70000 - 0x00000248f3f73000 	C:\Program Files\AdoptOpenJDK\jdk-11.0.5.10-hotspot\bin\api-ms-win-crt-time-l1-1-0.dll
0x00000248f3f80000 - 0x00000248f3f83000 	C:\Program Files\AdoptOpenJDK\jdk-11.0.5.10-hotspot\bin\api-ms-win-crt-utility-l1-1-0.dll
0x00007ffb74a10000 - 0x00007ffb74b0a000 	C:\Program Files\AdoptOpenJDK\jdk-11.0.5.10-hotspot\bin\ucrtbase.dll
0x00007ffb93840000 - 0x00007ffb93892000 	C:\Windows\System32\concrt140.dll
0x00007ffb93810000 - 0x00007ffb93833000 	C:\Users\hlavj\.openjfx\cache\11\prism_d3d.dll
0x00007ffb90d00000 - 0x00007ffb90ec7000 	C:\WINDOWS\system32\d3d9.dll
0x00007ffb98a20000 - 0x00007ffb98a4d000 	C:\WINDOWS\SYSTEM32\dwmapi.dll
0x00007ffb98de0000 - 0x00007ffb98e00000 	C:\WINDOWS\SYSTEM32\dxcore.dll
0x00007ffb98340000 - 0x00007ffb983d9000 	C:\WINDOWS\system32\uxtheme.dll
0x00007ffb906b0000 - 0x00007ffb9079e000 	C:\WINDOWS\System32\DriverStore\FileRepository\nvgbdi.inf_amd64_3dc890ffc07afa2a\nvldumdx.dll
0x00007ffb9a9e0000 - 0x00007ffb9ab29000 	C:\WINDOWS\System32\crypt32.dll
0x00007ffb9a180000 - 0x00007ffb9a192000 	C:\WINDOWS\System32\MSASN1.dll
0x00007ffb9a950000 - 0x00007ffb9a9ac000 	C:\WINDOWS\System32\WINTRUST.DLL
0x00007ffb9c190000 - 0x00007ffb9c1ad000 	C:\WINDOWS\System32\imagehlp.dll
0x00007ffb99550000 - 0x00007ffb99583000 	C:\WINDOWS\system32\rsaenh.dll
0x00007ffb9a330000 - 0x00007ffb9a356000 	C:\WINDOWS\System32\bcrypt.dll
0x00007ffb99bb0000 - 0x00007ffb99bbc000 	C:\WINDOWS\SYSTEM32\CRYPTBASE.dll
0x00007ffb3be00000 - 0x00007ffb3d29b000 	C:\WINDOWS\System32\DriverStore\FileRepository\nvgbdi.inf_amd64_3dc890ffc07afa2a\nvd3dumx.dll
0x00007ffb93570000 - 0x00007ffb935b5000 	C:\Users\hlavj\.openjfx\cache\11\glass.dll
0x00007ffb9bff0000 - 0x00007ffb9c0c0000 	C:\WINDOWS\System32\COMDLG32.dll
0x00007ffb9bad0000 - 0x00007ffb9bc26000 	C:\WINDOWS\System32\ole32.dll
0x00007ffb9c0c0000 - 0x00007ffb9c184000 	C:\WINDOWS\System32\OLEAUT32.dll
0x00007ffb9b350000 - 0x00007ffb9b485000 	C:\WINDOWS\System32\MSCTF.dll
0x00000000523e0000 - 0x00000000523e6000 	C:\Program Files\ESET\ESET Endpoint Security\eplgHooks.dll
0x00007ffb64010000 - 0x00007ffb642d1000 	C:\WINDOWS\system32\nvspcap64.dll
0x00007ffb991d0000 - 0x00007ffb99201000 	C:\WINDOWS\SYSTEM32\ntmarta.dll
0x00007ffb98d90000 - 0x00007ffb98db2000 	C:\WINDOWS\SYSTEM32\gpapi.dll
0x00007ffb8d180000 - 0x00007ffb8d1af000 	C:\WINDOWS\SYSTEM32\cryptnet.dll
0x00007ffb937f0000 - 0x00007ffb93804000 	C:\Users\hlavj\.openjfx\cache\11\javafx_font.dll
0x00007ffb77000000 - 0x00007ffb772fe000 	C:\WINDOWS\SYSTEM32\dwrite.dll
0x00007ffb9c810000 - 0x00007ffb9c8b2000 	C:\WINDOWS\System32\clbcatq.dll
0x00007ffb93210000 - 0x00007ffb933bf000 	C:\WINDOWS\SYSTEM32\WindowsCodecs.dll
0x00007ffb7af90000 - 0x00007ffb7afca000 	C:\WINDOWS\system32\dataexchange.dll
0x00007ffb970c0000 - 0x00007ffb9731b000 	C:\WINDOWS\system32\d3d11.dll
0x00007ffb97790000 - 0x00007ffb9796b000 	C:\WINDOWS\system32\dcomp.dll
0x00007ffb98e70000 - 0x00007ffb98f5b000 	C:\WINDOWS\system32\dxgi.dll
0x00007ffb98500000 - 0x00007ffb9875a000 	C:\WINDOWS\system32\twinapi.appcore.dll
0x00007ffb98930000 - 0x00007ffb98959000 	C:\WINDOWS\system32\RMCLIENT.dll
0x00007ffb74310000 - 0x00007ffb74343000 	C:\Program Files\Common Files\Microsoft Shared\Ink\rtscom.dll
0x00007ffb88750000 - 0x00007ffb887ee000 	C:\WINDOWS\System32\TextInputFramework.dll

dbghelp: loaded successfully - version: 4.0.5 - missing functions: none
symbol engine: initialized successfully - sym options: 0x614 - pdb path: .;C:\Program Files\AdoptOpenJDK\jdk-11.0.5.10-hotspot\bin;C:\WINDOWS\SYSTEM32;C:\WINDOWS\WinSxS\amd64_microsoft.windows.common-controls_6595b64144ccf1df_6.0.18362.535_none_e6c3b34713100821;C:\Program Files\AdoptOpenJDK\jdk-11.0.5.10-hotspot\bin\server;D:\IntelliJ IDEA 2019.3\bin;C:\Users\hlavj\.openjfx\cache\11;C:\WINDOWS\System32\DriverStore\FileRepository\nvgbdi.inf_amd64_3dc890ffc07afa2a;C:\Program Files\ESET\ESET Endpoint Security;C:\Program Files\Common Files\Microsoft Shared\Ink

VM Arguments:
jvm_args: -javaagent:D:\IntelliJ IDEA 2019.3\lib\idea_rt.jar=57652:D:\IntelliJ IDEA 2019.3\bin -Dfile.encoding=UTF-8 
java_command: main.java.app.MainFX
java_class_path (initial): E:\School\UPS\BattleShips_Hlavja\BattleShips_Maven\target\classes;C:\Users\hlavj\.m2\repository\org\openjfx\javafx-controls\11.0.2\javafx-controls-11.0.2.jar;C:\Users\hlavj\.m2\repository\org\openjfx\javafx-controls\11.0.2\javafx-controls-11.0.2-win.jar;C:\Users\hlavj\.m2\repository\org\openjfx\javafx-graphics\11\javafx-graphics-11-win.jar;C:\Users\hlavj\.m2\repository\org\openjfx\javafx-base\11\javafx-base-11.jar;C:\Users\hlavj\.m2\repository\org\openjfx\javafx-base\11\javafx-base-11-win.jar;C:\Users\hlavj\.m2\repository\org\openjfx\javafx-graphics\11\javafx-graphics-11-linux.jar;C:\Users\hlavj\.m2\repository\org\openjfx\javafx-graphics\11\javafx-graphics-11-mac.jar;C:\Users\hlavj\.m2\repository\org\openjfx\javafx-graphics\11\javafx-graphics-11.jar;C:\Users\hlavj\.m2\repository\org\openjfx\javafx-fxml\11\javafx-fxml-11.jar;C:\Users\hlavj\.m2\repository\org\openjfx\javafx-fxml\11\javafx-fxml-11-win.jar
Launcher Type: SUN_STANDARD

[Global flags]
     intx CICompilerCount                          = 4                                         {product} {ergonomic}
     uint ConcGCThreads                            = 3                                         {product} {ergonomic}
     uint G1ConcRefinementThreads                  = 10                                        {product} {ergonomic}
   size_t G1HeapRegionSize                         = 1048576                                   {product} {ergonomic}
    uintx GCDrainStackTargetSize                   = 64                                        {product} {ergonomic}
   size_t InitialHeapSize                          = 201326592                                 {product} {ergonomic}
   size_t MarkStackSize                            = 4194304                                   {product} {ergonomic}
   size_t MaxHeapSize                              = 3198156800                                {product} {ergonomic}
   size_t MaxNewSize                               = 1918894080                                {product} {ergonomic}
   size_t MinHeapDeltaBytes                        = 1048576                                   {product} {ergonomic}
    uintx NonNMethodCodeHeapSize                   = 5836300                                {pd product} {ergonomic}
    uintx NonProfiledCodeHeapSize                  = 122910970                              {pd product} {ergonomic}
    uintx ProfiledCodeHeapSize                     = 122910970                              {pd product} {ergonomic}
    uintx ReservedCodeCacheSize                    = 251658240                              {pd product} {ergonomic}
     bool SegmentedCodeCache                       = true                                      {product} {ergonomic}
     bool UseCompressedClassPointers               = true                                 {lp64_product} {ergonomic}
     bool UseCompressedOops                        = true                                 {lp64_product} {ergonomic}
     bool UseG1GC                                  = true                                      {product} {ergonomic}
     bool UseLargePagesIndividualAllocation        = false                                  {pd product} {ergonomic}

Logging:
Log output configuration:
 #0: stdout all=warning uptime,level,tags
 #1: stderr all=off uptime,level,tags

Environment Variables:
JAVA_HOME=C:\Program Files\AdoptOpenJDK\jdk-11.0.5.10-hotspot
PATH=C:\Program Files\AdoptOpenJDK\jdk-11.0.5.10-hotspot\bin;D:\app\hlavj\product\12.1.0\client_1;D:\app\hlavj\product\12.1.0\client_1\bin;D:\oraclexe\app\oracle\product\11.2.0\server\bin;C:\Program Files (x86)\Common Files\Oracle\Java\javapath;C:\Program Files (x86)\Common Files\Intel\Shared Libraries\redist\intel64\compiler;C:\Program Files (x86)\Razer Chroma SDK\bin;C:\Program Files\Razer Chroma SDK\bin;C:\Windows\system32;C:\Windows;C:\Windows\System32\Wbem;C:\Windows\System32\WindowsPowerShell\v1.0\;C:\Windows\System32\OpenSSH\;C:\Program Files (x86)\NVIDIA Corporation\PhysX\Common;C:\Users\hlavj\AppData\Local\Microsoft\WindowsApps;D:\cygwin\bin;C:\Program Files\dotnet\;C:\Program Files\Microsoft SQL Server\130\Tools\Binn\;D:\Git\cmd;C:\Program Files (x86)\GnuWin32\bin\make.exe;C:\Program Files\NVIDIA Corporation\NVIDIA NvDLISR;C:\Program Files (x86)\dotnet\;C:\WINDOWS\system32;C:\WINDOWS;C:\WINDOWS\System32\Wbem;C:\WINDOWS\System32\WindowsPowerShell\v1.0\;C:\WINDOWS\System32\OpenSSH\;C:\Program Files\Microsoft SQL Server\Client SDK\ODBC\170\Tools\Binn\;D:\apache-maven-3.6.3\bin;D:\Putty\;C:\Users\hlavj\AppData\Local\Microsoft\WindowsApps;C:\Users\hlavj\.dotnet\tools;C:\Users\hlavj\AppData\Local\GitHubDesktop\bin;%USERPROFILE%\AppData\Local\Microsoft\WindowsApps;
USERNAME=hlavj
OS=Windows_NT
PROCESSOR_IDENTIFIER=Intel64 Family 6 Model 63 Stepping 2, GenuineIntel



---------------  S Y S T E M  ---------------

OS: Windows 10 , 64 bit Build 18362 (10.0.18362.329)

CPU:total 12 (initial active 12) (6 cores per cpu, 2 threads per core) family 6 model 63 stepping 2, cmov, cx8, fxsr, mmx, sse, sse2, sse3, ssse3, sse4.1, sse4.2, popcnt, avx, avx2, aes, clmul, erms, lzcnt, ht, tsc, tscinvbit, bmi1, bmi2, fma

Memory: 4k page, system-wide physical 12198M (322M free)
TotalPageFile size 26403M (AvailPageFile size 0M)
current process WorkingSet (physical memory assigned to process): 50M, peak: 204M
current process commit charge ("private bytes"): 382M, peak: 421M

vm_info: OpenJDK 64-Bit Server VM (11.0.5+10) for windows-amd64 JRE (11.0.5+10), built on Oct 19 2019 12:23:57 by "" with MS VC++ 15.8 (VS2017)

END.
